<?xml version="1.0" encoding="UTF-8"?>
<!-- Generated by org.testng.reporters.JUnitXMLReporter -->
<testsuite ignored="4" hostname="LD030089" failures="0" tests="1" name="Surefire test" time="15.768" errors="0" timestamp="2022-05-25T12:28:32 PDT">
  <testcase classname="bcvaxdevit.my.salesforce.com.Tests.Login.ClinicianLoginTest" name="Can_login_as_Clinician_to_BCVAXDEVIT" time="12.023"/>
  <testcase classname="bcvaxdevit.my.salesforce.com.Tests.BaseTest" name="@BeforeTest beforeTest" time="0.0">
    <ignored/>
  </testcase> <!-- @BeforeTest beforeTest -->
  <testcase classname="bcvaxdevit.my.salesforce.com.Tests.BaseTest" name="@AfterSuite cleanUp" time="0.0">
    <ignored/>
  </testcase> <!-- @AfterSuite cleanUp -->
  <testcase classname="bcvaxdevit.my.salesforce.com.Tests.BaseTest" name="@BeforeSuite beforeSuite" time="0.0">
    <ignored/>
  </testcase> <!-- @BeforeSuite beforeSuite -->
  <testcase classname="bcvaxdevit.my.salesforce.com.Tests.BaseTest" name="@AfterTest afterTest" time="0.0">
    <ignored/>
  </testcase> <!-- @AfterTest afterTest -->
</testsuite> <!-- Surefire test -->
