<?xml version="1.0" encoding="UTF-8"?>
<!-- Generated by org.testng.reporters.JUnitXMLReporter -->
<testsuite ignored="2" hostname="LD030089" failures="1" tests="1" name="Surefire test" time="0.111" errors="0" timestamp="2022-04-12T16:09:20 PDT">
  <testcase classname="prodsuppqa.my.salesforce.com.Tests.Login.ClinicianLoginTest" name="Can_login_as_Clinician_to_PRODSUPPQA" time="0.003">
    <failure type="java.lang.NullPointerException" message="Cannot invoke &amp;quot;prodsuppqa.my.salesforce.com.Pages.LoginPage.enterClinicianUserName()&amp;quot; because &amp;quot;this.loginPage&amp;quot; is null">
      <![CDATA[java.lang.NullPointerException: Cannot invoke "prodsuppqa.my.salesforce.com.Pages.LoginPage.enterClinicianUserName()" because "this.loginPage" is null
at prodsuppqa.my.salesforce.com.Tests.Login.ClinicianLoginTest.Can_login_as_Clinician_to_PRODSUPPQA(ClinicianLoginTest.java:12)
at java.base/java.util.ArrayList.forEach(ArrayList.java:1511)
... Removed 31 stack frames]]>
    </failure>
  </testcase> <!-- Can_login_as_Clinician_to_PRODSUPPQA -->
  <testcase classname="prodsuppqa.my.salesforce.com.Tests.BaseTest" name="@BeforeSuite beforeSuite" time="0.0">
    <ignored/>
  </testcase> <!-- @BeforeSuite beforeSuite -->
  <testcase classname="prodsuppqa.my.salesforce.com.Tests.BaseTest" name="@AfterSuite cleanUp" time="0.0">
    <ignored/>
  </testcase> <!-- @AfterSuite cleanUp -->
</testsuite> <!-- Surefire test -->
