<?xml version="1.0" encoding="UTF-8"?>
<testng-results ignored="4" total="5" passed="1" failed="0" skipped="0">
  <reporter-output>
  </reporter-output>
  <suite started-at="2022-05-25T12:28:16 PDT" name="Surefire suite" finished-at="2022-05-25T12:28:32 PDT" duration-ms="15768">
    <groups>
    </groups>
    <test started-at="2022-05-25T12:28:16 PDT" name="Surefire test" finished-at="2022-05-25T12:28:32 PDT" duration-ms="15768">
      <class name="bcvaxdevit.my.salesforce.com.Tests.BaseTest">
        <test-method is-config="true" signature="beforeSuite()[pri:0, instance:bcvaxdevit.my.salesforce.com.Tests.BaseTest@1b083826]" started-at="2022-05-25T12:28:16 PDT" name="beforeSuite" finished-at="2022-05-25T12:28:16 PDT" duration-ms="15" status="PASS">
          <reporter-output>
          </reporter-output>
        </test-method> <!-- beforeSuite -->
        <test-method is-config="true" signature="beforeTest()[pri:0, instance:bcvaxdevit.my.salesforce.com.Tests.BaseTest@1b083826]" started-at="2022-05-25T12:28:16 PDT" name="beforeTest" finished-at="2022-05-25T12:28:16 PDT" duration-ms="0" status="PASS">
          <reporter-output>
          </reporter-output>
        </test-method> <!-- beforeTest -->
        <test-method is-config="true" signature="afterTest()[pri:0, instance:bcvaxdevit.my.salesforce.com.Tests.BaseTest@1b083826]" started-at="2022-05-25T12:28:32 PDT" name="afterTest" finished-at="2022-05-25T12:28:32 PDT" duration-ms="0" status="PASS">
          <reporter-output>
          </reporter-output>
        </test-method> <!-- afterTest -->
        <test-method is-config="true" signature="cleanUp()[pri:0, instance:bcvaxdevit.my.salesforce.com.Tests.BaseTest@1b083826]" started-at="2022-05-25T12:28:32 PDT" name="cleanUp" finished-at="2022-05-25T12:28:32 PDT" duration-ms="1" status="PASS">
          <reporter-output>
          </reporter-output>
        </test-method> <!-- cleanUp -->
      </class> <!-- bcvaxdevit.my.salesforce.com.Tests.BaseTest -->
      <class name="bcvaxdevit.my.salesforce.com.Tests.Login.ClinicianLoginTest">
        <test-method is-config="true" signature="setUp()[pri:0, instance:bcvaxdevit.my.salesforce.com.Tests.Login.ClinicianLoginTest@2aece37d]" started-at="2022-05-25T12:28:16 PDT" name="setUp" finished-at="2022-05-25T12:28:16 PDT" duration-ms="0" status="PASS">
          <reporter-output>
          </reporter-output>
        </test-method> <!-- setUp -->
        <test-method is-config="true" signature="beforeMethod()[pri:0, instance:bcvaxdevit.my.salesforce.com.Tests.Login.ClinicianLoginTest@2aece37d]" started-at="2022-05-25T12:28:16 PDT" name="beforeMethod" finished-at="2022-05-25T12:28:20 PDT" duration-ms="3698" status="PASS">
          <reporter-output>
          </reporter-output>
        </test-method> <!-- beforeMethod -->
        <test-method signature="Can_login_as_Clinician_to_BCVAXDEVIT()[pri:0, instance:bcvaxdevit.my.salesforce.com.Tests.Login.ClinicianLoginTest@2aece37d]" started-at="2022-05-25T12:28:20 PDT" name="Can_login_as_Clinician_to_BCVAXDEVIT" finished-at="2022-05-25T12:28:32 PDT" duration-ms="12023" status="PASS">
          <reporter-output>
          </reporter-output>
        </test-method> <!-- Can_login_as_Clinician_to_BCVAXDEVIT -->
        <test-method is-config="true" signature="afterMethod(org.testng.ITestResult)[pri:0, instance:bcvaxdevit.my.salesforce.com.Tests.Login.ClinicianLoginTest@2aece37d]" started-at="2022-05-25T12:28:32 PDT" name="afterMethod" finished-at="2022-05-25T12:28:32 PDT" duration-ms="2" status="PASS">
          <params>
            <param index="0">
              <value>
                <![CDATA[[TestResult name=Can_login_as_Clinician_to_BCVAXDEVIT status=SUCCESS method=ClinicianLoginTest.Can_login_as_Clinician_to_BCVAXDEVIT()[pri:0, instance:bcvaxdevit.my.salesforce.com.Tests.Login.ClinicianLoginTest@2aece37d] output={null}]]]>
              </value>
            </param>
          </params>
          <reporter-output>
          </reporter-output>
        </test-method> <!-- afterMethod -->
        <test-method is-config="true" signature="tearDown()[pri:0, instance:bcvaxdevit.my.salesforce.com.Tests.Login.ClinicianLoginTest@2aece37d]" started-at="2022-05-25T12:28:32 PDT" name="tearDown" finished-at="2022-05-25T12:28:32 PDT" duration-ms="0" status="PASS">
          <reporter-output>
          </reporter-output>
        </test-method> <!-- tearDown -->
      </class> <!-- bcvaxdevit.my.salesforce.com.Tests.Login.ClinicianLoginTest -->
    </test> <!-- Surefire test -->
  </suite> <!-- Surefire suite -->
</testng-results>
