<?xml version="1.0" encoding="UTF-8"?>
<testng-results ignored="4" total="5" passed="1" failed="0" skipped="0">
  <reporter-output>
  </reporter-output>
  <suite started-at="2022-06-02T09:13:16 PDT" name="Surefire suite" finished-at="2022-06-02T09:13:31 PDT" duration-ms="14958">
    <groups>
    </groups>
    <test started-at="2022-06-02T09:13:16 PDT" name="Surefire test" finished-at="2022-06-02T09:13:31 PDT" duration-ms="14958">
      <class name="bcvaxdevit.my.salesforce.com.Tests.BaseTest">
        <test-method is-config="true" signature="beforeSuite()[pri:0, instance:bcvaxdevit.my.salesforce.com.Tests.BaseTest@8e0379d]" started-at="2022-06-02T09:13:16 PDT" name="beforeSuite" finished-at="2022-06-02T09:13:16 PDT" duration-ms="9" status="PASS">
          <reporter-output>
          </reporter-output>
        </test-method> <!-- beforeSuite -->
        <test-method is-config="true" signature="beforeTest()[pri:0, instance:bcvaxdevit.my.salesforce.com.Tests.BaseTest@8e0379d]" started-at="2022-06-02T09:13:16 PDT" name="beforeTest" finished-at="2022-06-02T09:13:16 PDT" duration-ms="0" status="PASS">
          <reporter-output>
          </reporter-output>
        </test-method> <!-- beforeTest -->
        <test-method is-config="true" signature="afterTest()[pri:0, instance:bcvaxdevit.my.salesforce.com.Tests.BaseTest@8e0379d]" started-at="2022-06-02T09:13:31 PDT" name="afterTest" finished-at="2022-06-02T09:13:31 PDT" duration-ms="0" status="SKIP">
          <reporter-output>
          </reporter-output>
        </test-method> <!-- afterTest -->
        <test-method is-config="true" signature="cleanUp()[pri:0, instance:bcvaxdevit.my.salesforce.com.Tests.BaseTest@8e0379d]" started-at="2022-06-02T09:13:31 PDT" name="cleanUp" finished-at="2022-06-02T09:13:31 PDT" duration-ms="0" status="SKIP">
          <reporter-output>
          </reporter-output>
        </test-method> <!-- cleanUp -->
      </class> <!-- bcvaxdevit.my.salesforce.com.Tests.BaseTest -->
      <class name="bcvaxdevit.my.salesforce.com.Tests.Login.ClinicianLoginTest">
        <test-method is-config="true" signature="setUp()[pri:0, instance:bcvaxdevit.my.salesforce.com.Tests.Login.ClinicianLoginTest@240237d2]" started-at="2022-06-02T09:13:16 PDT" name="setUp" finished-at="2022-06-02T09:13:16 PDT" duration-ms="0" status="PASS">
          <reporter-output>
          </reporter-output>
        </test-method> <!-- setUp -->
        <test-method is-config="true" signature="beforeMethod()[pri:0, instance:bcvaxdevit.my.salesforce.com.Tests.Login.ClinicianLoginTest@240237d2]" started-at="2022-06-02T09:13:16 PDT" name="beforeMethod" finished-at="2022-06-02T09:13:19 PDT" duration-ms="2880" status="PASS">
          <reporter-output>
          </reporter-output>
        </test-method> <!-- beforeMethod -->
        <test-method signature="Can_login_as_Clinician_to_BCVAXDEVIT()[pri:0, instance:bcvaxdevit.my.salesforce.com.Tests.Login.ClinicianLoginTest@240237d2]" started-at="2022-06-02T09:13:19 PDT" name="Can_login_as_Clinician_to_BCVAXDEVIT" finished-at="2022-06-02T09:13:30 PDT" duration-ms="11578" status="PASS">
          <reporter-output>
          </reporter-output>
        </test-method> <!-- Can_login_as_Clinician_to_BCVAXDEVIT -->
        <test-method is-config="true" signature="afterMethod(org.testng.ITestResult)[pri:0, instance:bcvaxdevit.my.salesforce.com.Tests.Login.ClinicianLoginTest@240237d2]" started-at="2022-06-02T09:13:30 PDT" name="afterMethod" finished-at="2022-06-02T09:13:31 PDT" duration-ms="463" status="FAIL">
          <params>
            <param index="0">
              <value>
                <![CDATA[[TestResult name=Can_login_as_Clinician_to_BCVAXDEVIT status=SUCCESS method=ClinicianLoginTest.Can_login_as_Clinician_to_BCVAXDEVIT()[pri:0, instance:bcvaxdevit.my.salesforce.com.Tests.Login.ClinicianLoginTest@240237d2] output={null}]]]>
              </value>
            </param>
          </params>
          <exception class="com.gurock.testrail.APIException">
            <message>
              <![CDATA[TestRail API returned HTTP 400("Field :case_id is not a valid ID.")]]>
            </message>
            <full-stacktrace>
              <![CDATA[com.gurock.testrail.APIException: TestRail API returned HTTP 400("Field :case_id is not a valid ID.")
at com.gurock.testrail.APIClient.sendRequest(APIClient.java:267)
at com.gurock.testrail.APIClient.sendPost(APIClient.java:123)
at bcvaxdevit.my.salesforce.com.Pages.TestRailManager.addResultsForTestCase(TestRailManager.java:31)
at bcvaxdevit.my.salesforce.com.Tests.BaseTest.afterMethod(BaseTest.java:66)
at java.base/jdk.internal.reflect.NativeMethodAccessorImpl.invoke0(Native Method)
at java.base/jdk.internal.reflect.NativeMethodAccessorImpl.invoke(NativeMethodAccessorImpl.java:77)
at java.base/jdk.internal.reflect.DelegatingMethodAccessorImpl.invoke(DelegatingMethodAccessorImpl.java:43)
at java.base/java.lang.reflect.Method.invoke(Method.java:568)
at org.testng.internal.invokers.MethodInvocationHelper.invokeMethod(MethodInvocationHelper.java:135)
at org.testng.internal.invokers.MethodInvocationHelper.invokeMethodConsideringTimeout(MethodInvocationHelper.java:65)
at org.testng.internal.invokers.ConfigInvoker.invokeConfigurationMethod(ConfigInvoker.java:381)
at org.testng.internal.invokers.ConfigInvoker.invokeConfigurations(ConfigInvoker.java:319)
at org.testng.internal.invokers.TestInvoker.runConfigMethods(TestInvoker.java:803)
at org.testng.internal.invokers.TestInvoker.runAfterConfigurations(TestInvoker.java:772)
at org.testng.internal.invokers.TestInvoker.invokeMethod(TestInvoker.java:748)
at org.testng.internal.invokers.TestInvoker.invokeTestMethod(TestInvoker.java:220)
at org.testng.internal.invokers.MethodRunner.runInSequence(MethodRunner.java:50)
at org.testng.internal.invokers.TestInvoker$MethodInvocationAgent.invoke(TestInvoker.java:945)
at org.testng.internal.invokers.TestInvoker.invokeTestMethods(TestInvoker.java:193)
at org.testng.internal.invokers.TestMethodWorker.invokeTestMethods(TestMethodWorker.java:146)
at org.testng.internal.invokers.TestMethodWorker.run(TestMethodWorker.java:128)
at java.base/java.util.ArrayList.forEach(ArrayList.java:1511)
at org.testng.TestRunner.privateRun(TestRunner.java:808)
at org.testng.TestRunner.run(TestRunner.java:603)
at org.testng.SuiteRunner.runTest(SuiteRunner.java:429)
at org.testng.SuiteRunner.runSequentially(SuiteRunner.java:423)
at org.testng.SuiteRunner.privateRun(SuiteRunner.java:383)
at org.testng.SuiteRunner.run(SuiteRunner.java:326)
at org.testng.SuiteRunnerWorker.runSuite(SuiteRunnerWorker.java:52)
at org.testng.SuiteRunnerWorker.run(SuiteRunnerWorker.java:95)
at org.testng.TestNG.runSuitesSequentially(TestNG.java:1249)
at org.testng.TestNG.runSuitesLocally(TestNG.java:1169)
at org.testng.TestNG.runSuites(TestNG.java:1092)
at org.testng.TestNG.run(TestNG.java:1060)
at org.apache.maven.surefire.testng.TestNGExecutor.run(TestNGExecutor.java:132)
at org.apache.maven.surefire.testng.TestNGDirectoryTestSuite.executeMulti(TestNGDirectoryTestSuite.java:193)
at org.apache.maven.surefire.testng.TestNGDirectoryTestSuite.execute(TestNGDirectoryTestSuite.java:94)
at org.apache.maven.surefire.testng.TestNGProvider.invoke(TestNGProvider.java:147)
at org.apache.maven.surefire.booter.ForkedBooter.invokeProviderInSameClassLoader(ForkedBooter.java:290)
at org.apache.maven.surefire.booter.ForkedBooter.runSuitesInProcess(ForkedBooter.java:242)
at org.apache.maven.surefire.booter.ForkedBooter.main(ForkedBooter.java:121)
]]>
            </full-stacktrace>
          </exception> <!-- com.gurock.testrail.APIException -->
          <reporter-output>
          </reporter-output>
        </test-method> <!-- afterMethod -->
        <test-method is-config="true" signature="tearDown()[pri:0, instance:bcvaxdevit.my.salesforce.com.Tests.Login.ClinicianLoginTest@240237d2]" started-at="2022-06-02T09:13:31 PDT" name="tearDown" finished-at="2022-06-02T09:13:31 PDT" duration-ms="0" status="SKIP">
          <reporter-output>
          </reporter-output>
        </test-method> <!-- tearDown -->
      </class> <!-- bcvaxdevit.my.salesforce.com.Tests.Login.ClinicianLoginTest -->
    </test> <!-- Surefire test -->
  </suite> <!-- Surefire suite -->
</testng-results>
